<?xml version="1.0" encoding="UTF-8"?>
<!-- Generated by org.testng.reporters.JUnitReportReporter -->
<testsuite hostname="lpoiyyyttrwqaririrririr" failures="0" tests="1" name="Actions.ActionsTest" time="16.205" errors="0" timestamp="2025-01-28T13:03:35 EST" skipped="0">
  <testcase classname="Actions.ActionsTest" name="actionValidations" time="16.205"/>
  <system-out/>
</testsuite> <!-- Actions.ActionsTest -->
